2024-10-26 00:45:21 [[32minfo[39m]: App running on port: http://localhost:3000
2024-10-26 00:45:21 [[32minfo[39m]: MongoDB Connected Successfully
2024-10-26 00:45:39 [[32minfo[39m]: Incoming Request: POST /api/v1/login
2024-10-26 00:57:49 [[32minfo[39m]: App running on port: http://localhost:3000
2024-10-26 00:57:50 [[32minfo[39m]: MongoDB Connected Successfully
2024-10-26 00:57:53 [[32minfo[39m]: Incoming Request: POST /api/v1/login
2024-10-26 00:58:35 [[32minfo[39m]: App running on port: http://localhost:3000
2024-10-26 00:58:35 [[32minfo[39m]: MongoDB Connected Successfully
2024-10-26 00:58:45 [[32minfo[39m]: Incoming Request: POST /api/v1/login
2024-10-26 00:58:45 [[31merror[39m]: Error occurred: Email atau password salah
2024-10-26 01:00:40 [[32minfo[39m]: App running on port: http://localhost:3000
2024-10-26 01:00:41 [[32minfo[39m]: MongoDB Connected Successfully
2024-10-26 01:00:42 [[32minfo[39m]: Incoming Request: POST /api/v1/login
2024-10-26 01:00:42 [[31merror[39m]: Error occurred: Email atau password salah
2024-10-26 01:01:10 [[32minfo[39m]: App running on port: http://localhost:3000
2024-10-26 01:01:11 [[32minfo[39m]: MongoDB Connected Successfully
2024-10-26 01:01:41 [[32minfo[39m]: App running on port: http://localhost:3000
2024-10-26 01:01:43 [[32minfo[39m]: MongoDB Connected Successfully
2024-10-26 01:01:48 [[32minfo[39m]: Incoming Request: POST /api/v1/login
2024-10-26 01:01:48 [[31merror[39m]: Error occurred: Email atau password salah
2024-10-26 01:01:56 [[32minfo[39m]: App running on port: http://localhost:3000
2024-10-26 01:01:57 [[32minfo[39m]: MongoDB Connected Successfully
2024-10-26 01:02:01 [[32minfo[39m]: Incoming Request: POST /api/v1/login
2024-10-26 01:02:01 [[31merror[39m]: Error occurred: Email atau password salah
2024-10-26 01:03:02 [[32minfo[39m]: App running on port: http://localhost:3000
2024-10-26 01:03:03 [[32minfo[39m]: MongoDB Connected Successfully
2024-10-26 01:03:07 [[32minfo[39m]: Incoming Request: POST /api/v1/login
2024-10-26 01:03:07 [[31merror[39m]: Error occurred: Email atau password salah
2024-10-26 01:03:22 [[32minfo[39m]: App running on port: http://localhost:3000
2024-10-26 01:03:23 [[32minfo[39m]: MongoDB Connected Successfully
2024-10-26 01:04:24 [[32minfo[39m]: App running on port: http://localhost:3000
2024-10-26 01:04:25 [[32minfo[39m]: MongoDB Connected Successfully
2024-10-26 01:04:59 [[32minfo[39m]: Incoming Request: POST /api/v1/login
2024-10-26 01:04:59 [[31merror[39m]: Error occurred: Email atau password salah
2024-10-26 01:09:00 [[32minfo[39m]: App running on port: http://localhost:3000
2024-10-26 01:09:01 [[32minfo[39m]: MongoDB Connected Successfully
2024-10-26 01:09:21 [[32minfo[39m]: Incoming Request: POST /api/v1/register
2024-10-26 01:09:21 [[31merror[39m]: Error occurred: Nama sudah terdaftar
2024-10-26 01:10:42 [[32minfo[39m]: App running on port: http://localhost:3000
2024-10-26 01:10:43 [[32minfo[39m]: MongoDB Connected Successfully
2024-10-26 01:12:47 [[32minfo[39m]: App running on port: http://localhost:3000
2024-10-26 01:12:48 [[32minfo[39m]: MongoDB Connected Successfully
2024-10-26 01:12:51 [[32minfo[39m]: Incoming Request: POST /api/v1/register
2024-10-26 01:12:51 [[31merror[39m]: Error occurred: Nama sudah terdaftar
2024-10-26 01:13:21 [[32minfo[39m]: App running on port: http://localhost:3000
2024-10-26 01:13:21 [[32minfo[39m]: MongoDB Connected Successfully
2024-10-26 01:13:24 [[32minfo[39m]: Incoming Request: POST /api/v1/register
2024-10-26 01:13:24 [[31merror[39m]: Error occurred: Nama sudah terdaftar
2024-10-26 01:13:39 [[32minfo[39m]: Incoming Request: POST /api/v1/register
2024-10-26 01:13:39 [[31merror[39m]: Error occurred: Nama sudah terdaftar
2024-10-26 01:13:55 [[32minfo[39m]: App running on port: http://localhost:3000
2024-10-26 01:13:55 [[32minfo[39m]: MongoDB Connected Successfully
2024-10-26 01:13:58 [[32minfo[39m]: Incoming Request: POST /api/v1/register
2024-10-26 01:13:58 [[31merror[39m]: Error occurred: Nama sudah terdaftar
2024-10-26 01:15:23 [[32minfo[39m]: App running on port: http://localhost:3000
2024-10-26 01:15:24 [[32minfo[39m]: MongoDB Connected Successfully
2024-10-26 01:16:09 [[32minfo[39m]: App running on port: http://localhost:3000
2024-10-26 01:16:09 [[32minfo[39m]: MongoDB Connected Successfully
2024-10-26 01:16:16 [[32minfo[39m]: App running on port: http://localhost:3000
2024-10-26 01:16:16 [[32minfo[39m]: MongoDB Connected Successfully
2024-10-26 01:16:25 [[32minfo[39m]: Incoming Request: POST /api/v1/register
2024-10-26 01:16:25 [[31merror[39m]: Error occurred: Nama sudah terdaftar
2024-10-26 01:17:06 [[32minfo[39m]: Incoming Request: POST /api/v1/login
2024-10-26 01:17:06 [[31merror[39m]: Error occurred: Email atau password salah
2024-10-26 01:17:51 [[32minfo[39m]: Incoming Request: POST /api/v1/login
2024-10-26 01:17:52 [[31merror[39m]: Error occurred: Email atau password salah
2024-10-26 01:18:08 [[32minfo[39m]: Incoming Request: POST /api/v1/login
2024-10-26 01:19:09 [[32minfo[39m]: App running on port: http://localhost:3000
2024-10-26 01:19:13 [[32minfo[39m]: App running on port: http://localhost:3000
2024-10-26 01:19:14 [[32minfo[39m]: MongoDB Connected Successfully
2024-10-26 01:19:16 [[32minfo[39m]: Incoming Request: POST /api/v1/login
2024-10-26 01:19:46 [[32minfo[39m]: App running on port: http://localhost:3000
2024-10-26 01:19:47 [[32minfo[39m]: MongoDB Connected Successfully
2024-10-26 01:19:49 [[32minfo[39m]: Incoming Request: POST /api/v1/login
2024-10-26 01:20:14 [[32minfo[39m]: App running on port: http://localhost:3000
2024-10-26 01:20:16 [[32minfo[39m]: MongoDB Connected Successfully
2024-10-26 01:20:18 [[32minfo[39m]: Incoming Request: POST /api/v1/login
2024-10-26 01:21:21 [[32minfo[39m]: App running on port: http://localhost:3000
2024-10-26 01:21:22 [[32minfo[39m]: MongoDB Connected Successfully
2024-10-26 01:21:41 [[32minfo[39m]: App running on port: http://localhost:3000
2024-10-26 01:21:42 [[32minfo[39m]: MongoDB Connected Successfully
2024-10-26 01:21:44 [[32minfo[39m]: Incoming Request: POST /api/v1/login
2024-10-26 01:22:03 [[32minfo[39m]: Incoming Request: POST /api/v1/login
2024-10-26 01:22:03 [[31merror[39m]: Error occurred: Email atau password salah
