2024-10-26 00:58:45 [[31merror[39m]: Error occurred: Email atau password salah
2024-10-26 01:00:42 [[31merror[39m]: Error occurred: Email atau password salah
2024-10-26 01:01:48 [[31merror[39m]: Error occurred: Email atau password salah
2024-10-26 01:02:01 [[31merror[39m]: Error occurred: Email atau password salah
2024-10-26 01:03:07 [[31merror[39m]: Error occurred: Email atau password salah
2024-10-26 01:04:59 [[31merror[39m]: Error occurred: Email atau password salah
2024-10-26 01:09:21 [[31merror[39m]: Error occurred: Nama sudah terdaftar
2024-10-26 01:12:51 [[31merror[39m]: Error occurred: Nama sudah terdaftar
2024-10-26 01:13:24 [[31merror[39m]: Error occurred: Nama sudah terdaftar
2024-10-26 01:13:39 [[31merror[39m]: Error occurred: Nama sudah terdaftar
2024-10-26 01:13:58 [[31merror[39m]: Error occurred: Nama sudah terdaftar
2024-10-26 01:16:25 [[31merror[39m]: Error occurred: Nama sudah terdaftar
2024-10-26 01:17:06 [[31merror[39m]: Error occurred: Email atau password salah
2024-10-26 01:17:52 [[31merror[39m]: Error occurred: Email atau password salah
2024-10-26 01:22:03 [[31merror[39m]: Error occurred: Email atau password salah
2024-10-26 02:03:46 [[31merror[39m]: Error occurred: secret or public key must be provided
2024-10-26 02:05:45 [[31merror[39m]: Error occurred: secret or public key must be provided
2024-10-26 02:07:50 [[31merror[39m]: Error occurred: secret or public key must be provided
2024-10-26 02:08:10 [[31merror[39m]: Error occurred: secret or public key must be provided
2024-10-26 02:08:32 [[31merror[39m]: Error occurred: secret or public key must be provided
2024-10-26 02:08:39 [[31merror[39m]: Error occurred: secret or public key must be provided
2024-10-26 02:09:10 [[31merror[39m]: Error occurred: secret or public key must be provided
2024-10-26 02:12:12 [[31merror[39m]: Error occurred: secret or public key must be provided
2024-10-26 02:12:41 [[31merror[39m]: Error occurred: secret or public key must be provided
2024-10-26 02:12:51 [[31merror[39m]: Error occurred: secret or public key must be provided
2024-10-26 02:13:21 [[31merror[39m]: Error occurred: secret or public key must be provided
2024-10-26 02:13:50 [[31merror[39m]: Error occurred: Cannot set headers after they are sent to the client
2024-10-26 02:14:54 [[31merror[39m]: Error occurred: Cannot set headers after they are sent to the client
2024-10-26 02:15:17 [[31merror[39m]: Error occurred: Cannot set headers after they are sent to the client
2024-10-26 02:21:56 [[31merror[39m]: Error occurred: Cannot set headers after they are sent to the client
2024-10-26 02:24:43 [[31merror[39m]: Error occurred: invalid token
2024-10-26 02:27:10 [[31merror[39m]: Error occurred: invalid token
2024-10-26 02:27:55 [[31merror[39m]: Error occurred: invalid token
2024-10-26 02:28:07 [[31merror[39m]: Error occurred: invalid token
2024-10-26 02:28:39 [[31merror[39m]: Error occurred: Bad control character in string literal in JSON at position 46 (line 1 column 47)
2024-10-26 02:28:46 [[31merror[39m]: Error occurred: Bad control character in string literal in JSON at position 19 (line 1 column 20)
2024-10-26 02:28:59 [[31merror[39m]: Error occurred: Bad control character in string literal in JSON at position 19 (line 1 column 20)
2024-10-26 02:29:07 [[31merror[39m]: Error occurred: Bad control character in string literal in JSON at position 19 (line 1 column 20)
2024-10-26 02:29:28 [[31merror[39m]: Error occurred: invalid token
2024-10-26 02:31:18 [[31merror[39m]: Error occurred: invalid token
2024-10-26 05:58:07 [[31merror[39m]: Error occurred: Password lama salah
2024-10-26 05:58:56 [[31merror[39m]: Error occurred: Password lama salah
